android/app/build/intermediates/manifest_merge_blame_file/debug/manifest-merger-blame-debug-report.txt
1<?xml version="1.0" encoding="utf-8"?>
2<manifest xmlns:android="http://schemas.android.com/apk/res/android"
3    package="com.scanner2020"
4    android:versionCode="1"
5    android:versionName="1.0" >
6
7    <uses-sdk
8        android:minSdkVersion="21"
9        android:targetSdkVersion="29" />
10
11    <uses-permission android:name="android.permission.SYSTEM_ALERT_WINDOW" />
11-->src/debug/AndroidManifest.xml:5:5-77
11-->src/debug/AndroidManifest.xml:5:22-75
12    <uses-permission android:name="android.permission.INTERNET" />
12-->src/main/AndroidManifest.xml:4:5-67
12-->src/main/AndroidManifest.xml:4:22-64
13    <uses-permission android:name="android.permission.VIBRATE" />
13-->src/main/AndroidManifest.xml:5:5-65
13-->src/main/AndroidManifest.xml:5:22-63
14    <uses-permission android:name="android.permission.ACCESS_WIFI_STATE" />
14-->[com.facebook.flipper:flipper:0.75.1] AndroidManifest.xml:16:5-76
14-->[com.facebook.flipper:flipper:0.75.1] AndroidManifest.xml:16:22-73
15    <uses-permission android:name="android.permission.CAMERA" />
15-->[:react-native-camera] AndroidManifest.xml:9:5-65
15-->[:react-native-camera] AndroidManifest.xml:9:22-62
16
17    <uses-feature
17-->[:react-native-camera] AndroidManifest.xml:11:5-13:36
18        android:name="android.hardware.camera"
18-->[:react-native-camera] AndroidManifest.xml:12:9-47
19        android:required="false" />
19-->[:react-native-camera] AndroidManifest.xml:13:9-33
20    <uses-feature
20-->[:react-native-camera] AndroidManifest.xml:14:5-16:36
21        android:name="android.hardware.camera.autofocus"
21-->[:react-native-camera] AndroidManifest.xml:15:9-57
22        android:required="false" />
22-->[:react-native-camera] AndroidManifest.xml:16:9-33
23
24    <uses-permission android:name="android.permission.WAKE_LOCK" />
24-->[com.najva.sdk:najva-android-sdk:1.3.2] AndroidManifest.xml:12:5-68
24-->[com.najva.sdk:najva-android-sdk:1.3.2] AndroidManifest.xml:12:22-65
25    <uses-permission android:name="android.permission.RECEIVE_BOOT_COMPLETED" />
25-->[com.najva.sdk:najva-android-sdk:1.3.2] AndroidManifest.xml:13:5-81
25-->[com.najva.sdk:najva-android-sdk:1.3.2] AndroidManifest.xml:13:22-78
26    <uses-permission android:name="android.permission.ACCESS_NETWORK_STATE" />
26-->[androidx.work:work-runtime:2.4.0] AndroidManifest.xml:26:5-79
26-->[androidx.work:work-runtime:2.4.0] AndroidManifest.xml:26:22-76
27    <uses-permission android:name="android.permission.FOREGROUND_SERVICE" /> <!-- Required by older versions of Google Play services to create IID tokens -->
27-->[androidx.work:work-runtime:2.4.0] AndroidManifest.xml:28:5-77
27-->[androidx.work:work-runtime:2.4.0] AndroidManifest.xml:28:22-74
28    <uses-permission android:name="com.google.android.c2dm.permission.RECEIVE" />
28-->[com.google.firebase:firebase-iid:20.0.2] AndroidManifest.xml:26:5-82
28-->[com.google.firebase:firebase-iid:20.0.2] AndroidManifest.xml:26:22-79
29
30    <application
30-->src/main/AndroidManifest.xml:7:5-23:19
31        android:name="com.scanner2020.MainApplication"
31-->src/main/AndroidManifest.xml:8:7-38
32        android:allowBackup="true"
32-->[:react-native-audio-streamer] AndroidManifest.xml:12:9-35
33        android:appComponentFactory="androidx.core.app.CoreComponentFactory"
33-->[androidx.core:core:1.1.0] AndroidManifest.xml:24:18-86
34        android:debuggable="true"
35        android:icon="@mipmap/ic_launcher"
35-->src/main/AndroidManifest.xml:9:7-41
36        android:label="@string/app_name"
36-->[:react-native-audio-streamer] AndroidManifest.xml:13:9-41
37        android:roundIcon="@mipmap/ic_launcher_round"
37-->src/main/AndroidManifest.xml:10:7-52
38        android:supportsRtl="true"
38-->[:react-native-audio-streamer] AndroidManifest.xml:14:9-35
39        android:theme="@style/AppTheme"
39-->src/main/AndroidManifest.xml:11:7-38
40        android:usesCleartextTraffic="true" >
40-->src/debug/AndroidManifest.xml:8:9-44
41        <activity android:name="com.facebook.react.devsupport.DevSettingsActivity" />
41-->src/debug/AndroidManifest.xml:11:9-86
41-->src/debug/AndroidManifest.xml:11:19-83
42        <activity
42-->src/main/AndroidManifest.xml:12:7-22:18
43            android:name="com.scanner2020.MainActivity"
43-->src/main/AndroidManifest.xml:13:9-37
44            android:configChanges="keyboard|keyboardHidden|orientation|screenSize|uiMode"
44-->src/main/AndroidManifest.xml:15:9-86
45            android:label="@string/app_name"
45-->src/main/AndroidManifest.xml:14:9-41
46            android:launchMode="singleTask"
46-->src/main/AndroidManifest.xml:16:9-40
47            android:windowSoftInputMode="adjustResize" >
47-->src/main/AndroidManifest.xml:17:9-51
48            <intent-filter>
48-->src/main/AndroidManifest.xml:18:9-21:25
49                <action android:name="android.intent.action.MAIN" />
49-->src/main/AndroidManifest.xml:19:13-65
49-->src/main/AndroidManifest.xml:19:21-62
50
51                <category android:name="android.intent.category.LAUNCHER" />
51-->src/main/AndroidManifest.xml:20:13-73
51-->src/main/AndroidManifest.xml:20:23-70
52            </intent-filter>
53        </activity>
54
55        <receiver
55-->[:react-native-najva] AndroidManifest.xml:12:9-19:20
56            android:name="ir.najva.najvasdk.reactnativeplugin.ClickEventReceiver"
56-->[:react-native-najva] AndroidManifest.xml:13:13-82
57            android:enabled="true"
57-->[:react-native-najva] AndroidManifest.xml:14:13-35
58            android:exported="false" >
58-->[:react-native-najva] AndroidManifest.xml:15:13-37
59            <intent-filter>
59-->[:react-native-najva] AndroidManifest.xml:16:13-18:29
60                <action android:name="com.najva.sdk.Najva.ACTION_CLICK_RECEIVED" />
60-->[:react-native-najva] AndroidManifest.xml:17:17-84
60-->[:react-native-najva] AndroidManifest.xml:17:25-81
61            </intent-filter>
62        </receiver>
63        <receiver
63-->[:react-native-najva] AndroidManifest.xml:20:9-27:20
64            android:name="ir.najva.najvasdk.reactnativeplugin.NotificationReceiver"
64-->[:react-native-najva] AndroidManifest.xml:21:13-84
65            android:enabled="true"
65-->[:react-native-najva] AndroidManifest.xml:22:13-35
66            android:exported="false" >
66-->[:react-native-najva] AndroidManifest.xml:23:13-37
67            <intent-filter>
67-->[:react-native-najva] AndroidManifest.xml:24:13-26:29
68                <action android:name="com.najva.sdk.Najva.ACTION_NOTIFICATION_RECEIVED" />
68-->[:react-native-najva] AndroidManifest.xml:25:17-91
68-->[:react-native-najva] AndroidManifest.xml:25:25-88
69            </intent-filter>
70        </receiver>
71
72        <service android:name="ir.najva.najvasdk.reactnativeplugin.NajvaService" />
72-->[:react-native-najva] AndroidManifest.xml:29:9-84
72-->[:react-native-najva] AndroidManifest.xml:29:18-81
73        <service
73-->[:react-native-music-control] AndroidManifest.xml:12:9-14:43
74            android:name="com.tanguyantoine.react.MusicControlNotification$NotificationService"
74-->[:react-native-music-control] AndroidManifest.xml:13:13-96
75            android:stopWithTask="true" />
75-->[:react-native-music-control] AndroidManifest.xml:14:13-40
76
77        <activity android:name="com.najva.sdk.global.TokenActivity" >
77-->[com.najva.sdk:najva-android-sdk:1.3.2] AndroidManifest.xml:16:9-27:20
77-->[com.najva.sdk:najva-android-sdk:1.3.2] AndroidManifest.xml:16:19-68
78            <intent-filter>
78-->[com.najva.sdk:najva-android-sdk:1.3.2] AndroidManifest.xml:17:13-26:29
79                <category android:name="android.intent.category.DEFAULT" />
79-->[com.najva.sdk:najva-android-sdk:1.3.2] AndroidManifest.xml:18:17-76
79-->[com.najva.sdk:najva-android-sdk:1.3.2] AndroidManifest.xml:18:27-73
80                <category android:name="android.intent.category.BROWSABLE" />
80-->[com.najva.sdk:najva-android-sdk:1.3.2] AndroidManifest.xml:19:17-78
80-->[com.najva.sdk:najva-android-sdk:1.3.2] AndroidManifest.xml:19:27-75
81
82                <action android:name="android.intent.action.VIEW" />
82-->[com.najva.sdk:najva-android-sdk:1.3.2] AndroidManifest.xml:21:17-69
82-->[com.najva.sdk:najva-android-sdk:1.3.2] AndroidManifest.xml:21:25-66
83
84                <data
84-->[com.najva.sdk:najva-android-sdk:1.3.2] AndroidManifest.xml:23:17-25:46
85                    android:host="my.token"
85-->[com.najva.sdk:najva-android-sdk:1.3.2] AndroidManifest.xml:24:21-44
86                    android:scheme="najva" />
86-->[com.najva.sdk:najva-android-sdk:1.3.2] AndroidManifest.xml:25:21-43
87            </intent-filter>
88        </activity>
89
90        <service
90-->[com.najva.sdk:najva-android-sdk:1.3.2] AndroidManifest.xml:29:9-35:19
91            android:name="com.najva.sdk.push_notification.service.NajvaMessagingService"
91-->[com.najva.sdk:najva-android-sdk:1.3.2] AndroidManifest.xml:30:13-89
92            android:exported="false" >
92-->[com.najva.sdk:najva-android-sdk:1.3.2] AndroidManifest.xml:31:13-37
93            <intent-filter>
93-->[com.najva.sdk:najva-android-sdk:1.3.2] AndroidManifest.xml:32:13-34:29
94                <action android:name="com.google.firebase.MESSAGING_EVENT" />
94-->[com.najva.sdk:najva-android-sdk:1.3.2] AndroidManifest.xml:33:17-78
94-->[com.najva.sdk:najva-android-sdk:1.3.2] AndroidManifest.xml:33:25-75
95            </intent-filter>
96        </service>
97        <service
97-->[com.najva.sdk:najva-android-sdk:1.3.2] AndroidManifest.xml:36:9-38:40
98            android:name="com.najva.sdk.push_notification.service.NajvaNotificationIntentService"
98-->[com.najva.sdk:najva-android-sdk:1.3.2] AndroidManifest.xml:37:13-98
99            android:exported="false" />
99-->[com.najva.sdk:najva-android-sdk:1.3.2] AndroidManifest.xml:38:13-37
100
101        <receiver
101-->[com.najva.sdk:najva-android-sdk:1.3.2] AndroidManifest.xml:40:9-49:20
102            android:name="com.najva.sdk.receivers.BootUpReceiver"
102-->[com.najva.sdk:najva-android-sdk:1.3.2] AndroidManifest.xml:41:13-66
103            android:enabled="true"
103-->[com.najva.sdk:najva-android-sdk:1.3.2] AndroidManifest.xml:42:13-35
104            android:permission="android.permission.RECEIVE_BOOT_COMPLETED" >
104-->[com.najva.sdk:najva-android-sdk:1.3.2] AndroidManifest.xml:43:13-75
105            <intent-filter>
105-->[com.najva.sdk:najva-android-sdk:1.3.2] AndroidManifest.xml:44:13-48:29
106                <action android:name="android.intent.action.BOOT_COMPLETED" />
106-->[com.najva.sdk:najva-android-sdk:1.3.2] AndroidManifest.xml:45:17-79
106-->[com.najva.sdk:najva-android-sdk:1.3.2] AndroidManifest.xml:45:25-76
107
108                <category android:name="android.intent.category.DEFAULT" />
108-->[com.najva.sdk:najva-android-sdk:1.3.2] AndroidManifest.xml:18:17-76
108-->[com.najva.sdk:najva-android-sdk:1.3.2] AndroidManifest.xml:18:27-73
109            </intent-filter>
110        </receiver>
111
112        <provider
112-->[androidx.work:work-runtime:2.4.0] AndroidManifest.xml:31:9-37:35
113            android:name="androidx.work.impl.WorkManagerInitializer"
113-->[androidx.work:work-runtime:2.4.0] AndroidManifest.xml:32:13-69
114            android:authorities="com.scanner2020.workmanager-init"
114-->[androidx.work:work-runtime:2.4.0] AndroidManifest.xml:33:13-68
115            android:directBootAware="false"
115-->[androidx.work:work-runtime:2.4.0] AndroidManifest.xml:34:13-44
116            android:exported="false"
116-->[androidx.work:work-runtime:2.4.0] AndroidManifest.xml:35:13-37
117            android:multiprocess="true" />
117-->[androidx.work:work-runtime:2.4.0] AndroidManifest.xml:36:13-40
118
119        <service
119-->[androidx.work:work-runtime:2.4.0] AndroidManifest.xml:39:9-44:35
120            android:name="androidx.work.impl.background.systemalarm.SystemAlarmService"
120-->[androidx.work:work-runtime:2.4.0] AndroidManifest.xml:40:13-88
121            android:directBootAware="false"
121-->[androidx.work:work-runtime:2.4.0] AndroidManifest.xml:41:13-44
122            android:enabled="@bool/enable_system_alarm_service_default"
122-->[androidx.work:work-runtime:2.4.0] AndroidManifest.xml:42:13-72
123            android:exported="false" />
123-->[androidx.work:work-runtime:2.4.0] AndroidManifest.xml:43:13-37
124        <service
124-->[androidx.work:work-runtime:2.4.0] AndroidManifest.xml:45:9-51:35
125            android:name="androidx.work.impl.background.systemjob.SystemJobService"
125-->[androidx.work:work-runtime:2.4.0] AndroidManifest.xml:46:13-84
126            android:directBootAware="false"
126-->[androidx.work:work-runtime:2.4.0] AndroidManifest.xml:47:13-44
127            android:enabled="@bool/enable_system_job_service_default"
127-->[androidx.work:work-runtime:2.4.0] AndroidManifest.xml:48:13-70
128            android:exported="true"
128-->[androidx.work:work-runtime:2.4.0] AndroidManifest.xml:49:13-36
129            android:permission="android.permission.BIND_JOB_SERVICE" />
129-->[androidx.work:work-runtime:2.4.0] AndroidManifest.xml:50:13-69
130        <service
130-->[androidx.work:work-runtime:2.4.0] AndroidManifest.xml:52:9-57:35
131            android:name="androidx.work.impl.foreground.SystemForegroundService"
131-->[androidx.work:work-runtime:2.4.0] AndroidManifest.xml:53:13-81
132            android:directBootAware="false"
132-->[androidx.work:work-runtime:2.4.0] AndroidManifest.xml:54:13-44
133            android:enabled="@bool/enable_system_foreground_service_default"
133-->[androidx.work:work-runtime:2.4.0] AndroidManifest.xml:55:13-77
134            android:exported="false" />
134-->[androidx.work:work-runtime:2.4.0] AndroidManifest.xml:56:13-37
135
136        <receiver
136-->[androidx.work:work-runtime:2.4.0] AndroidManifest.xml:59:9-64:35
137            android:name="androidx.work.impl.utils.ForceStopRunnable$BroadcastReceiver"
137-->[androidx.work:work-runtime:2.4.0] AndroidManifest.xml:60:13-88
138            android:directBootAware="false"
138-->[androidx.work:work-runtime:2.4.0] AndroidManifest.xml:61:13-44
139            android:enabled="true"
139-->[androidx.work:work-runtime:2.4.0] AndroidManifest.xml:62:13-35
140            android:exported="false" />
140-->[androidx.work:work-runtime:2.4.0] AndroidManifest.xml:63:13-37
141        <receiver
141-->[androidx.work:work-runtime:2.4.0] AndroidManifest.xml:65:9-75:20
142            android:name="androidx.work.impl.background.systemalarm.ConstraintProxy$BatteryChargingProxy"
142-->[androidx.work:work-runtime:2.4.0] AndroidManifest.xml:66:13-106
143            android:directBootAware="false"
143-->[androidx.work:work-runtime:2.4.0] AndroidManifest.xml:67:13-44
144            android:enabled="false"
144-->[androidx.work:work-runtime:2.4.0] AndroidManifest.xml:68:13-36
145            android:exported="false" >
145-->[androidx.work:work-runtime:2.4.0] AndroidManifest.xml:69:13-37
146            <intent-filter>
146-->[androidx.work:work-runtime:2.4.0] AndroidManifest.xml:71:13-74:29
147                <action android:name="android.intent.action.ACTION_POWER_CONNECTED" />
147-->[androidx.work:work-runtime:2.4.0] AndroidManifest.xml:72:17-87
147-->[androidx.work:work-runtime:2.4.0] AndroidManifest.xml:72:25-84
148                <action android:name="android.intent.action.ACTION_POWER_DISCONNECTED" />
148-->[androidx.work:work-runtime:2.4.0] AndroidManifest.xml:73:17-90
148-->[androidx.work:work-runtime:2.4.0] AndroidManifest.xml:73:25-87
149            </intent-filter>
150        </receiver>
151        <receiver
151-->[androidx.work:work-runtime:2.4.0] AndroidManifest.xml:76:9-86:20
152            android:name="androidx.work.impl.background.systemalarm.ConstraintProxy$BatteryNotLowProxy"
152-->[androidx.work:work-runtime:2.4.0] AndroidManifest.xml:77:13-104
153            android:directBootAware="false"
153-->[androidx.work:work-runtime:2.4.0] AndroidManifest.xml:78:13-44
154            android:enabled="false"
154-->[androidx.work:work-runtime:2.4.0] AndroidManifest.xml:79:13-36
155            android:exported="false" >
155-->[androidx.work:work-runtime:2.4.0] AndroidManifest.xml:80:13-37
156            <intent-filter>
156-->[androidx.work:work-runtime:2.4.0] AndroidManifest.xml:82:13-85:29
157                <action android:name="android.intent.action.BATTERY_OKAY" />
157-->[androidx.work:work-runtime:2.4.0] AndroidManifest.xml:83:17-77
157-->[androidx.work:work-runtime:2.4.0] AndroidManifest.xml:83:25-74
158                <action android:name="android.intent.action.BATTERY_LOW" />
158-->[androidx.work:work-runtime:2.4.0] AndroidManifest.xml:84:17-76
158-->[androidx.work:work-runtime:2.4.0] AndroidManifest.xml:84:25-73
159            </intent-filter>
160        </receiver>
161        <receiver
161-->[androidx.work:work-runtime:2.4.0] AndroidManifest.xml:87:9-97:20
162            android:name="androidx.work.impl.background.systemalarm.ConstraintProxy$StorageNotLowProxy"
162-->[androidx.work:work-runtime:2.4.0] AndroidManifest.xml:88:13-104
163            android:directBootAware="false"
163-->[androidx.work:work-runtime:2.4.0] AndroidManifest.xml:89:13-44
164            android:enabled="false"
164-->[androidx.work:work-runtime:2.4.0] AndroidManifest.xml:90:13-36
165            android:exported="false" >
165-->[androidx.work:work-runtime:2.4.0] AndroidManifest.xml:91:13-37
166            <intent-filter>
166-->[androidx.work:work-runtime:2.4.0] AndroidManifest.xml:93:13-96:29
167                <action android:name="android.intent.action.DEVICE_STORAGE_LOW" />
167-->[androidx.work:work-runtime:2.4.0] AndroidManifest.xml:94:17-83
167-->[androidx.work:work-runtime:2.4.0] AndroidManifest.xml:94:25-80
168                <action android:name="android.intent.action.DEVICE_STORAGE_OK" />
168-->[androidx.work:work-runtime:2.4.0] AndroidManifest.xml:95:17-82
168-->[androidx.work:work-runtime:2.4.0] AndroidManifest.xml:95:25-79
169            </intent-filter>
170        </receiver>
171        <receiver
171-->[androidx.work:work-runtime:2.4.0] AndroidManifest.xml:98:9-107:20
172            android:name="androidx.work.impl.background.systemalarm.ConstraintProxy$NetworkStateProxy"
172-->[androidx.work:work-runtime:2.4.0] AndroidManifest.xml:99:13-103
173            android:directBootAware="false"
173-->[androidx.work:work-runtime:2.4.0] AndroidManifest.xml:100:13-44
174            android:enabled="false"
174-->[androidx.work:work-runtime:2.4.0] AndroidManifest.xml:101:13-36
175            android:exported="false" >
175-->[androidx.work:work-runtime:2.4.0] AndroidManifest.xml:102:13-37
176            <intent-filter>
176-->[androidx.work:work-runtime:2.4.0] AndroidManifest.xml:104:13-106:29
177                <action android:name="android.net.conn.CONNECTIVITY_CHANGE" />
177-->[androidx.work:work-runtime:2.4.0] AndroidManifest.xml:105:17-79
177-->[androidx.work:work-runtime:2.4.0] AndroidManifest.xml:105:25-76
178            </intent-filter>
179        </receiver>
180        <receiver
180-->[androidx.work:work-runtime:2.4.0] AndroidManifest.xml:108:9-119:20
181            android:name="androidx.work.impl.background.systemalarm.RescheduleReceiver"
181-->[androidx.work:work-runtime:2.4.0] AndroidManifest.xml:109:13-88
182            android:directBootAware="false"
182-->[androidx.work:work-runtime:2.4.0] AndroidManifest.xml:110:13-44
183            android:enabled="false"
183-->[androidx.work:work-runtime:2.4.0] AndroidManifest.xml:111:13-36
184            android:exported="false" >
184-->[androidx.work:work-runtime:2.4.0] AndroidManifest.xml:112:13-37
185            <intent-filter>
185-->[androidx.work:work-runtime:2.4.0] AndroidManifest.xml:114:13-118:29
186                <action android:name="android.intent.action.BOOT_COMPLETED" />
186-->[com.najva.sdk:najva-android-sdk:1.3.2] AndroidManifest.xml:45:17-79
186-->[com.najva.sdk:najva-android-sdk:1.3.2] AndroidManifest.xml:45:25-76
187                <action android:name="android.intent.action.TIME_SET" />
187-->[androidx.work:work-runtime:2.4.0] AndroidManifest.xml:116:17-73
187-->[androidx.work:work-runtime:2.4.0] AndroidManifest.xml:116:25-70
188                <action android:name="android.intent.action.TIMEZONE_CHANGED" />
188-->[androidx.work:work-runtime:2.4.0] AndroidManifest.xml:117:17-81
188-->[androidx.work:work-runtime:2.4.0] AndroidManifest.xml:117:25-78
189            </intent-filter>
190        </receiver>
191        <receiver
191-->[androidx.work:work-runtime:2.4.0] AndroidManifest.xml:120:9-129:20
192            android:name="androidx.work.impl.background.systemalarm.ConstraintProxyUpdateReceiver"
192-->[androidx.work:work-runtime:2.4.0] AndroidManifest.xml:121:13-99
193            android:directBootAware="false"
193-->[androidx.work:work-runtime:2.4.0] AndroidManifest.xml:122:13-44
194            android:enabled="@bool/enable_system_alarm_service_default"
194-->[androidx.work:work-runtime:2.4.0] AndroidManifest.xml:123:13-72
195            android:exported="false" >
195-->[androidx.work:work-runtime:2.4.0] AndroidManifest.xml:124:13-37
196            <intent-filter>
196-->[androidx.work:work-runtime:2.4.0] AndroidManifest.xml:126:13-128:29
197                <action android:name="androidx.work.impl.background.systemalarm.UpdateProxies" />
197-->[androidx.work:work-runtime:2.4.0] AndroidManifest.xml:127:17-98
197-->[androidx.work:work-runtime:2.4.0] AndroidManifest.xml:127:25-95
198            </intent-filter>
199        </receiver>
200        <receiver
200-->[androidx.work:work-runtime:2.4.0] AndroidManifest.xml:130:9-140:20
201            android:name="androidx.work.impl.diagnostics.DiagnosticsReceiver"
201-->[androidx.work:work-runtime:2.4.0] AndroidManifest.xml:131:13-78
202            android:directBootAware="false"
202-->[androidx.work:work-runtime:2.4.0] AndroidManifest.xml:132:13-44
203            android:enabled="true"
203-->[androidx.work:work-runtime:2.4.0] AndroidManifest.xml:133:13-35
204            android:exported="true"
204-->[androidx.work:work-runtime:2.4.0] AndroidManifest.xml:134:13-36
205            android:permission="android.permission.DUMP" >
205-->[androidx.work:work-runtime:2.4.0] AndroidManifest.xml:135:13-57
206            <intent-filter>
206-->[androidx.work:work-runtime:2.4.0] AndroidManifest.xml:137:13-139:29
207                <action android:name="androidx.work.diagnostics.REQUEST_DIAGNOSTICS" />
207-->[androidx.work:work-runtime:2.4.0] AndroidManifest.xml:138:17-88
207-->[androidx.work:work-runtime:2.4.0] AndroidManifest.xml:138:25-85
208            </intent-filter>
209        </receiver>
210
211        <service
211-->[androidx.room:room-runtime:2.2.5] AndroidManifest.xml:25:9-28:40
212            android:name="androidx.room.MultiInstanceInvalidationService"
212-->[androidx.room:room-runtime:2.2.5] AndroidManifest.xml:26:13-74
213            android:directBootAware="true"
213-->[androidx.room:room-runtime:2.2.5] AndroidManifest.xml:27:13-43
214            android:exported="false" />
214-->[androidx.room:room-runtime:2.2.5] AndroidManifest.xml:28:13-37
215        <!--
216             FirebaseMessagingService performs security checks at runtime,
217             but set to not exported to explicitly avoid allowing another app to call it.
218        -->
219        <service
219-->[com.google.firebase:firebase-messaging:20.1.0] AndroidManifest.xml:28:9-34:19
220            android:name="com.google.firebase.messaging.FirebaseMessagingService"
220-->[com.google.firebase:firebase-messaging:20.1.0] AndroidManifest.xml:29:13-82
221            android:exported="false" >
221-->[com.google.firebase:firebase-messaging:20.1.0] AndroidManifest.xml:30:13-37
222            <intent-filter android:priority="-500" >
222-->[com.najva.sdk:najva-android-sdk:1.3.2] AndroidManifest.xml:32:13-34:29
223                <action android:name="com.google.firebase.MESSAGING_EVENT" />
223-->[com.najva.sdk:najva-android-sdk:1.3.2] AndroidManifest.xml:33:17-78
223-->[com.najva.sdk:najva-android-sdk:1.3.2] AndroidManifest.xml:33:25-75
224            </intent-filter>
225        </service>
226        <service
226-->[com.google.firebase:firebase-messaging:20.1.0] AndroidManifest.xml:35:9-41:19
227            android:name="com.google.firebase.components.ComponentDiscoveryService"
227-->[com.google.firebase:firebase-messaging:20.1.0] AndroidManifest.xml:36:13-84
228            android:directBootAware="true"
228-->[com.google.firebase:firebase-common:19.3.0] AndroidManifest.xml:34:13-43
229            android:exported="false" >
229-->[com.google.firebase:firebase-messaging:20.1.0] AndroidManifest.xml:37:13-37
230            <meta-data
230-->[com.google.firebase:firebase-messaging:20.1.0] AndroidManifest.xml:38:13-40:85
231                android:name="com.google.firebase.components:com.google.firebase.messaging.FirebaseMessagingRegistrar"
231-->[com.google.firebase:firebase-messaging:20.1.0] AndroidManifest.xml:39:17-119
232                android:value="com.google.firebase.components.ComponentRegistrar" />
232-->[com.google.firebase:firebase-messaging:20.1.0] AndroidManifest.xml:40:17-82
233            <meta-data
233-->[com.google.firebase:firebase-datatransport:17.0.3] AndroidManifest.xml:28:13-30:85
234                android:name="com.google.firebase.components:com.google.firebase.datatransport.TransportRegistrar"
234-->[com.google.firebase:firebase-datatransport:17.0.3] AndroidManifest.xml:29:17-115
235                android:value="com.google.firebase.components.ComponentRegistrar" />
235-->[com.google.firebase:firebase-datatransport:17.0.3] AndroidManifest.xml:30:17-82
236            <meta-data
236-->[com.google.firebase:firebase-iid:20.0.2] AndroidManifest.xml:32:13-34:85
237                android:name="com.google.firebase.components:com.google.firebase.iid.Registrar"
237-->[com.google.firebase:firebase-iid:20.0.2] AndroidManifest.xml:33:17-96
238                android:value="com.google.firebase.components.ComponentRegistrar" />
238-->[com.google.firebase:firebase-iid:20.0.2] AndroidManifest.xml:34:17-82
239        </service>
240        <service
240-->[com.google.android.datatransport:transport-backend-cct:2.2.0] AndroidManifest.xml:29:9-35:19
241            android:name="com.google.android.datatransport.runtime.backends.TransportBackendDiscovery"
241-->[com.google.android.datatransport:transport-backend-cct:2.2.0] AndroidManifest.xml:30:13-103
242            android:exported="false" >
242-->[com.google.android.datatransport:transport-backend-cct:2.2.0] AndroidManifest.xml:31:13-37
243            <meta-data
243-->[com.google.android.datatransport:transport-backend-cct:2.2.0] AndroidManifest.xml:32:13-34:39
244                android:name="backend:com.google.android.datatransport.cct.CctBackendFactory"
244-->[com.google.android.datatransport:transport-backend-cct:2.2.0] AndroidManifest.xml:33:17-94
245                android:value="cct" />
245-->[com.google.android.datatransport:transport-backend-cct:2.2.0] AndroidManifest.xml:34:17-36
246        </service>
247        <service
247-->[com.google.android.datatransport:transport-runtime:2.2.0] AndroidManifest.xml:26:9-30:19
248            android:name="com.google.android.datatransport.runtime.scheduling.jobscheduling.JobInfoSchedulerService"
248-->[com.google.android.datatransport:transport-runtime:2.2.0] AndroidManifest.xml:27:13-117
249            android:exported="false"
249-->[com.google.android.datatransport:transport-runtime:2.2.0] AndroidManifest.xml:28:13-37
250            android:permission="android.permission.BIND_JOB_SERVICE" >
250-->[com.google.android.datatransport:transport-runtime:2.2.0] AndroidManifest.xml:29:13-69
251        </service>
252
253        <receiver
253-->[com.google.android.datatransport:transport-runtime:2.2.0] AndroidManifest.xml:32:9-34:40
254            android:name="com.google.android.datatransport.runtime.scheduling.jobscheduling.AlarmManagerSchedulerBroadcastReceiver"
254-->[com.google.android.datatransport:transport-runtime:2.2.0] AndroidManifest.xml:33:13-132
255            android:exported="false" />
255-->[com.google.android.datatransport:transport-runtime:2.2.0] AndroidManifest.xml:34:13-37
256        <receiver
256-->[com.google.firebase:firebase-iid:20.0.2] AndroidManifest.xml:37:9-44:20
257            android:name="com.google.firebase.iid.FirebaseInstanceIdReceiver"
257-->[com.google.firebase:firebase-iid:20.0.2] AndroidManifest.xml:38:13-78
258            android:exported="true"
258-->[com.google.firebase:firebase-iid:20.0.2] AndroidManifest.xml:39:13-36
259            android:permission="com.google.android.c2dm.permission.SEND" >
259-->[com.google.firebase:firebase-iid:20.0.2] AndroidManifest.xml:40:13-73
260            <intent-filter>
260-->[com.google.firebase:firebase-iid:20.0.2] AndroidManifest.xml:41:13-43:29
261                <action android:name="com.google.android.c2dm.intent.RECEIVE" />
261-->[com.google.firebase:firebase-iid:20.0.2] AndroidManifest.xml:42:17-81
261-->[com.google.firebase:firebase-iid:20.0.2] AndroidManifest.xml:42:25-78
262            </intent-filter>
263        </receiver>
264
265        <provider
265-->[com.google.firebase:firebase-common:19.3.0] AndroidManifest.xml:26:9-30:39
266            android:name="com.google.firebase.provider.FirebaseInitProvider"
266-->[com.google.firebase:firebase-common:19.3.0] AndroidManifest.xml:27:13-77
267            android:authorities="com.scanner2020.firebaseinitprovider"
267-->[com.google.firebase:firebase-common:19.3.0] AndroidManifest.xml:28:13-72
268            android:exported="false"
268-->[com.google.firebase:firebase-common:19.3.0] AndroidManifest.xml:29:13-37
269            android:initOrder="100" />
269-->[com.google.firebase:firebase-common:19.3.0] AndroidManifest.xml:30:13-36
270
271        <activity
271-->[com.google.android.gms:play-services-base:17.0.0] AndroidManifest.xml:23:9-26:75
272            android:name="com.google.android.gms.common.api.GoogleApiActivity"
272-->[com.google.android.gms:play-services-base:17.0.0] AndroidManifest.xml:24:13-79
273            android:exported="false"